
180716  6:49:26 [Warning] Using unique option prefix myisam-recover instead of myisam-recover-options is deprecated and will be removed in a future release. Please use the full name instead.
180716  6:49:26 [Note] Plugin 'FEDERATED' is disabled.
180716  6:49:26 InnoDB: The InnoDB memory heap is disabled
180716  6:49:26 InnoDB: Mutexes and rw_locks use GCC atomic builtins
180716  6:49:26 InnoDB: Compressed tables use zlib 1.2.8
180716  6:49:26 InnoDB: Using Linux native AIO
180716  6:49:26 InnoDB: Initializing buffer pool, size = 32.0M
180716  6:49:26 InnoDB: Completed initialization of buffer pool
180716  6:49:26 InnoDB: highest supported file format is Barracuda.
InnoDB: The log sequence number in ibdata files does not match
InnoDB: the log sequence number in the ib_logfiles!
180716  6:49:26  InnoDB: Database was not shut down normally!
InnoDB: Starting crash recovery.
InnoDB: Reading tablespace information from the .ibd files...
InnoDB: Restoring possible half-written data pages from the doublewrite
InnoDB: buffer...
180716  6:49:27  InnoDB: Waiting for the background threads to start
180716  6:49:28 InnoDB: 5.5.60 started; log sequence number 1595916
180716  6:49:28 [Note] Server hostname (bind-address): '0.0.0.0'; port: 3306
180716  6:49:28 [Note]   - '0.0.0.0' resolves to '0.0.0.0';
180716  6:49:28 [Note] Server socket created on IP: '0.0.0.0'.
180716  6:49:28 [ERROR] /usr/sbin/mysqld: Table './mysql/user' is marked as crashed and should be repaired
180716  6:49:28 [Warning] Checking table:   './mysql/user'
180716  6:49:28 [ERROR] 1 client is using or hasn't closed the table properly
180716  6:49:28 [Note] Event Scheduler: Loaded 0 events
180716  6:49:28 [Note] /usr/sbin/mysqld: ready for connections.
Version: '5.5.60-0+deb8u1'  socket: '/var/run/mysqld/mysqld.sock'  port: 3306  (Debian)
180716  6:51:08 [Warning] Using unique option prefix myisam-recover instead of myisam-recover-options is deprecated and will be removed in a future release. Please use the full name instead.
180716  6:51:08 [Note] Plugin 'FEDERATED' is disabled.
180716  6:51:08 InnoDB: The InnoDB memory heap is disabled
180716  6:51:08 InnoDB: Mutexes and rw_locks use GCC atomic builtins
180716  6:51:08 InnoDB: Compressed tables use zlib 1.2.8
180716  6:51:08 InnoDB: Using Linux native AIO
180716  6:51:08 InnoDB: Initializing buffer pool, size = 32.0M
180716  6:51:08 InnoDB: Completed initialization of buffer pool
180716  6:51:08 InnoDB: highest supported file format is Barracuda.
InnoDB: The log sequence number in ibdata files does not match
InnoDB: the log sequence number in the ib_logfiles!
180716  6:51:08  InnoDB: Database was not shut down normally!
InnoDB: Starting crash recovery.
InnoDB: Reading tablespace information from the .ibd files...
InnoDB: Restoring possible half-written data pages from the doublewrite
InnoDB: buffer...
180716  6:51:08  InnoDB: Waiting for the background threads to start
180716  6:51:09 InnoDB: 5.5.60 started; log sequence number 2344076
180716  6:51:09 [Note] Server hostname (bind-address): '0.0.0.0'; port: 3306
180716  6:51:09 [Note]   - '0.0.0.0' resolves to '0.0.0.0';
180716  6:51:09 [Note] Server socket created on IP: '0.0.0.0'.
180716  6:51:09 [Note] Event Scheduler: Loaded 0 events
180716  6:51:09 [Note] /usr/sbin/mysqld: ready for connections.
Version: '5.5.60-0+deb8u1'  socket: '/var/run/mysqld/mysqld.sock'  port: 3306  (Debian)
180716 13:10:07 [Warning] Using unique option prefix myisam-recover instead of myisam-recover-options is deprecated and will be removed in a future release. Please use the full name instead.
180716 13:10:07 [Note] Plugin 'FEDERATED' is disabled.
180716 13:10:07 InnoDB: The InnoDB memory heap is disabled
180716 13:10:07 InnoDB: Mutexes and rw_locks use GCC atomic builtins
180716 13:10:07 InnoDB: Compressed tables use zlib 1.2.8
180716 13:10:07 InnoDB: Using Linux native AIO
180716 13:10:07 InnoDB: Initializing buffer pool, size = 32.0M
180716 13:10:07 InnoDB: Completed initialization of buffer pool
180716 13:10:07 InnoDB: highest supported file format is Barracuda.
InnoDB: The log sequence number in ibdata files does not match
InnoDB: the log sequence number in the ib_logfiles!
180716 13:10:07  InnoDB: Database was not shut down normally!
InnoDB: Starting crash recovery.
InnoDB: Reading tablespace information from the .ibd files...
InnoDB: Restoring possible half-written data pages from the doublewrite
InnoDB: buffer...
180716 13:10:07  InnoDB: Waiting for the background threads to start
180716 13:10:08 InnoDB: 5.5.60 started; log sequence number 4638995
180716 13:10:08 [Note] Server hostname (bind-address): '0.0.0.0'; port: 3306
180716 13:10:08 [Note]   - '0.0.0.0' resolves to '0.0.0.0';
180716 13:10:08 [Note] Server socket created on IP: '0.0.0.0'.
180716 13:10:08 [Note] Event Scheduler: Loaded 0 events
180716 13:10:08 [Note] /usr/sbin/mysqld: ready for connections.
Version: '5.5.60-0+deb8u1'  socket: '/var/run/mysqld/mysqld.sock'  port: 3306  (Debian)
