2018-07-14 06:26:09,218 CRIT Supervisor running as root (no user in config file)
2018-07-14 06:26:09,219 INFO Included extra file "/etc/supervisor/conf.d/supervisord.conf" during parsing
2018-07-14 06:26:09,235 INFO RPC interface 'supervisor' initialized
2018-07-14 06:26:09,235 CRIT Server 'unix_http_server' running without any HTTP authentication checking
2018-07-14 06:26:09,236 INFO supervisord started with pid 1
2018-07-14 06:26:10,240 INFO spawned: 'varnishd' with pid 15
2018-07-14 06:26:10,246 INFO spawned: 'php-fpm' with pid 16
2018-07-14 06:26:10,249 INFO spawned: 'varnish-plugins-watcher' with pid 17
2018-07-14 06:26:10,257 INFO spawned: 'nginx' with pid 18
2018-07-14 06:26:10,264 INFO spawned: 'MailHog' with pid 19
2018-07-14 06:26:10,269 INFO spawned: 'mysql' with pid 20
2018-07-14 06:26:10,286 INFO spawned: 'varnish-themes-watcher' with pid 23
2018-07-14 06:26:11,801 INFO success: varnishd entered RUNNING state, process has stayed up for > than 1 seconds (startsecs)
2018-07-14 06:26:11,802 INFO success: php-fpm entered RUNNING state, process has stayed up for > than 1 seconds (startsecs)
2018-07-14 06:26:11,802 INFO success: varnish-plugins-watcher entered RUNNING state, process has stayed up for > than 1 seconds (startsecs)
2018-07-14 06:26:11,802 INFO success: nginx entered RUNNING state, process has stayed up for > than 1 seconds (startsecs)
2018-07-14 06:26:11,803 INFO success: MailHog entered RUNNING state, process has stayed up for > than 1 seconds (startsecs)
2018-07-14 06:26:11,803 INFO success: mysql entered RUNNING state, process has stayed up for > than 1 seconds (startsecs)
2018-07-14 06:26:11,804 INFO success: varnish-themes-watcher entered RUNNING state, process has stayed up for > than 1 seconds (startsecs)
2018-07-14 15:14:52,654 WARN received SIGTERM indicating exit request
2018-07-14 15:14:52,655 INFO waiting for varnishd, php-fpm, varnish-plugins-watcher, nginx, MailHog, mysql, varnish-themes-watcher to die
2018-07-14 15:14:53,014 INFO stopped: varnish-themes-watcher (terminated by SIGTERM)
2018-07-14 15:14:53,016 INFO reaped unknown pid 22300
2018-07-14 15:14:53,052 INFO stopped: mysql (exit status 0)
2018-07-14 15:14:53,055 INFO stopped: MailHog (terminated by SIGTERM)
2018-07-14 15:14:53,065 INFO stopped: nginx (exit status 0)
2018-07-14 15:14:54,069 INFO stopped: varnish-plugins-watcher (terminated by SIGTERM)
2018-07-14 15:14:54,110 INFO stopped: php-fpm (exit status 0)
2018-07-14 15:14:54,748 INFO reaped unknown pid 30
2018-07-14 15:14:55,203 INFO stopped: varnishd (exit status 0)
